<?xml version="1.0" encoding="UTF-8"?>
<!-- Generated by org.testng.reporters.JUnitReportReporter -->
<testsuite hostname="TYSS-Tanuja-N-Sonawale" failures="0" tests="1" name="tesrScript.DemoWebShop_Test" time="9.919" errors="0" timestamp="2024-12-26T11:22:09 IST" skipped="0">
  <testcase classname="tesrScript.DemoWebShop_Test" name="loginToApp_Test" time="9.919"/>
  <system-out/>
</testsuite> <!-- tesrScript.DemoWebShop_Test -->
